<?xml version="1.0" encoding="UTF-8"?>
<!-- Generated by org.testng.reporters.JUnitReportReporter -->
<testsuite hostname="MSI" failures="0" tests="1" name="Basic_CRUD_Operation.createProject" time="1.095" errors="0" timestamp="2022-09-23T10:53:41 IST" skipped="0">
  <testcase classname="Basic_CRUD_Operation.createProject" name="createProjectTest" time="1.095"/>
  <system-out/>
</testsuite> <!-- Basic_CRUD_Operation.createProject -->
