<?xml version="1.0" encoding="UTF-8"?>
<!-- Generated by org.testng.reporters.JUnitReportReporter -->
<testsuite hostname="MSI" failures="0" tests="1" name="Basic_CRUD_Operation.DeleteProject" time="0.914" errors="0" timestamp="2022-09-23T11:59:19 IST" skipped="0">
  <testcase classname="Basic_CRUD_Operation.DeleteProject" name="deleteProject" time="0.914"/>
  <system-out/>
</testsuite> <!-- Basic_CRUD_Operation.DeleteProject -->
