<?xml version="1.0" encoding="UTF-8"?>
<!-- Generated by org.testng.reporters.JUnitReportReporter -->
<testsuite hostname="MSI" failures="0" tests="1" name="DifferentWaysToPost.CreateProjectUsingPOJOClass" time="1.055" errors="0" timestamp="2022-09-28T21:35:49 IST" skipped="0">
  <testcase classname="DifferentWaysToPost.CreateProjectUsingPOJOClass" name="createProject" time="1.055"/>
  <system-out/>
</testsuite> <!-- DifferentWaysToPost.CreateProjectUsingPOJOClass -->
