<?xml version="1.0" encoding="UTF-8"?>
<!-- Generated by org.testng.reporters.JUnitReportReporter -->
<testsuite hostname="MSI" failures="0" tests="1" name="BDD.CRUD.Operation.CreateProjectTest" time="1.162" errors="0" timestamp="2022-09-28T20:30:48 IST" skipped="0">
  <testcase classname="BDD.CRUD.Operation.CreateProjectTest" name="createProject" time="1.162"/>
  <system-out/>
</testsuite> <!-- BDD.CRUD.Operation.CreateProjectTest -->
