<?xml version="1.0" encoding="UTF-8"?>
<!-- Generated by org.testng.reporters.JUnitReportReporter -->
<testsuite hostname="MSI" failures="0" tests="1" name="DifferentWaysToPost.CreateProjectUsingJSONFile" time="0.941" errors="0" timestamp="2022-09-28T21:39:03 IST" skipped="0">
  <testcase classname="DifferentWaysToPost.CreateProjectUsingJSONFile" name="createProject" time="0.941"/>
  <system-out/>
</testsuite> <!-- DifferentWaysToPost.CreateProjectUsingJSONFile -->
