<?xml version="1.0" encoding="UTF-8"?>
<!-- Generated by org.testng.reporters.JUnitReportReporter -->
<testsuite hostname="MSI" failures="0" tests="1" name="Basic_CRUD_Operation.GetAllProjects" time="0.907" errors="0" timestamp="2022-09-28T20:33:58 IST" skipped="0">
  <testcase classname="Basic_CRUD_Operation.GetAllProjects" name="getAllProjects" time="0.907"/>
  <system-out/>
</testsuite> <!-- Basic_CRUD_Operation.GetAllProjects -->
