<?xml version="1.0" encoding="UTF-8"?>
<!-- Generated by org.testng.reporters.JUnitReportReporter -->
<testsuite hostname="MSI" failures="0" tests="1" name="DifferentWaysToPost.CreateProjectUsingHashmap" time="1.073" errors="0" timestamp="2022-09-28T21:38:21 IST" skipped="0">
  <testcase classname="DifferentWaysToPost.CreateProjectUsingHashmap" name="createProject" time="1.073"/>
  <system-out/>
</testsuite> <!-- DifferentWaysToPost.CreateProjectUsingHashmap -->
