<?xml version="1.0" encoding="UTF-8"?>
<!-- Generated by org.testng.reporters.JUnitReportReporter -->
<testsuite hostname="MSI" failures="0" tests="1" name="DifferentWaysToPost.CreateProjectUsingJSONObject" time="1.077" errors="0" timestamp="2022-09-28T21:43:57 IST" skipped="0">
  <testcase classname="DifferentWaysToPost.CreateProjectUsingJSONObject" name="createProject" time="1.077"/>
  <system-out/>
</testsuite> <!-- DifferentWaysToPost.CreateProjectUsingJSONObject -->
