<?xml version="1.0" encoding="UTF-8"?>
<!-- Generated by org.testng.reporters.JUnitReportReporter -->
<testsuite hostname="MSI" failures="0" tests="1" name="BDD.CRUD.Operation.GetAllProjects" time="0.929" errors="0" timestamp="2022-09-28T21:36:11 IST" skipped="0">
  <testcase classname="BDD.CRUD.Operation.GetAllProjects" name="getAllProject" time="0.929"/>
  <system-out/>
</testsuite> <!-- BDD.CRUD.Operation.GetAllProjects -->
