<?xml version="1.0" encoding="UTF-8"?>
<!-- Generated by org.testng.reporters.JUnitReportReporter -->
<testsuite hostname="MSI" failures="0" tests="1" name="Basic_CRUD_Operation.UpdateProject" time="1.152" errors="0" timestamp="2022-09-23T11:55:55 IST" skipped="0">
  <testcase classname="Basic_CRUD_Operation.UpdateProject" name="updateProject" time="1.152"/>
  <system-out/>
</testsuite> <!-- Basic_CRUD_Operation.UpdateProject -->
